<?xml version="1.0" encoding="UTF-8"?>
<testsuite xmlns:xsi="http://www.w3.org/2001/XMLSchema-instance" xsi:noNamespaceSchemaLocation="https://maven.apache.org/surefire/maven-surefire-plugin/xsd/surefire-test-report-3.0.xsd" version="3.0" name="com.reparatio.ReparatioClientTest" time="0.407" tests="44" errors="0" skipped="0" failures="0">
  <properties>
[...]
</properties>
  <testcase name="jsonArray_singleItem" classname="com.reparatio.ReparatioClientTest" time="0.03"/>
  <testcase name="multipart_mixedParts" classname="com.reparatio.ReparatioClientTest" time="0.025"/>
  <testcase name="mergeOptions_defaults" classname="com.reparatio.ReparatioClientTest" time="0.003"/>
  <testcase name="jsonArray_multiItems" classname="com.reparatio.ReparatioClientTest" time="0.003"/>
  <testcase name="jsonArray_quotesInValue" classname="com.reparatio.ReparatioClientTest" time="0.0"/>
  <testcase name="result_nullWarning" classname="com.reparatio.ReparatioClientTest" time="0.002"/>
  <testcase name="stripExt_dotAtStart" classname="com.reparatio.ReparatioClientTest" time="0.002"/>
  <testcase name="multipart_crlf" classname="com.reparatio.ReparatioClientTest" time="0.001"/>
  <testcase name="filename_fallbackWhenNoFilenameParam" classname="com.reparatio.ReparatioClientTest" time="0.012"/>
  <testcase name="exception_authSubclass" classname="com.reparatio.ReparatioClientTest" time="0.001"/>
  <testcase name="exception_statusCode" classname="com.reparatio.ReparatioClientTest" time="0.001"/>
  <testcase name="exception_fileTooLargeSubclass" classname="com.reparatio.ReparatioClientTest" time="0.001"/>
  <testcase name="convertOptions_defaults" classname="com.reparatio.ReparatioClientTest" time="0.001"/>
  <testcase name="raiseForStatus_500_generic" classname="com.reparatio.ReparatioClientTest" time="0.012"/>
  <testcase name="batchOptions_defaults" classname="com.reparatio.ReparatioClientTest" time="0.001"/>
  <testcase name="raiseForStatus_422_parse" classname="com.reparatio.ReparatioClientTest" time="0.002"/>
  <testcase name="me_jsonParsed" classname="com.reparatio.ReparatioClientTest" time="0.002"/>
  <testcase name="multipart_fileField" classname="com.reparatio.ReparatioClientTest" time="0.001"/>
  <testcase name="multipart_textField" classname="com.reparatio.ReparatioClientTest" time="0.002"/>
  <testcase name="raiseForStatus_nonJsonBody" classname="com.reparatio.ReparatioClientTest" time="0.002"/>
  <testcase name="stripExt_normal" classname="com.reparatio.ReparatioClientTest" time="0.001"/>
  <testcase name="jsonArray_empty" classname="com.reparatio.ReparatioClientTest" time="0.0"/>
  <testcase name="constructor_stripsTrailingSlash" classname="com.reparatio.ReparatioClientTest" time="0.202"/>
  <testcase name="raiseForStatus_401_auth" classname="com.reparatio.ReparatioClientTest" time="0.003"/>
  <testcase name="raiseForStatus_402_plan" classname="com.reparatio.ReparatioClientTest" time="0.001"/>
  <testcase name="raiseForStatus_403_auth" classname="com.reparatio.ReparatioClientTest" time="0.001"/>
  <testcase name="inspect_jsonParsed" classname="com.reparatio.ReparatioClientTest" time="0.001"/>
  <testcase name="filename_fallbackWhenAbsent" classname="com.reparatio.ReparatioClientTest" time="0.001"/>
  <testcase name="jsonArray_null" classname="com.reparatio.ReparatioClientTest" time="0.001"/>
  <testcase name="readFile_missing" classname="com.reparatio.ReparatioClientTest" time="0.001"/>
  <testcase name="stripExt_noExt" classname="com.reparatio.ReparatioClientTest" time="0.001"/>
  <testcase name="result_accessors" classname="com.reparatio.ReparatioClientTest" time="0.001"/>
  <testcase name="exception_planSubclass" classname="com.reparatio.ReparatioClientTest" time="0.001"/>
  <testcase name="raiseForStatus_413_size" classname="com.reparatio.ReparatioClientTest" time="0.001"/>
  <testcase name="exception_parseSubclass" classname="com.reparatio.ReparatioClientTest" time="0.0"/>
  <testcase name="constructor_readsEnvApiKey" classname="com.reparatio.ReparatioClientTest" time="0.002"/>
  <testcase name="raiseForStatus_200_ok" classname="com.reparatio.ReparatioClientTest" time="0.001"/>
  <testcase name="constructor_explicitKeyWins" classname="com.reparatio.ReparatioClientTest" time="0.001"/>
  <testcase name="append_requiresTwoFiles(Path)" classname="com.reparatio.ReparatioClientTest" time="0.006"/>
  <testcase name="multipart_bodyContainsBoundary" classname="com.reparatio.ReparatioClientTest" time="0.001"/>
  <testcase name="multipart_boundaryUnique" classname="com.reparatio.ReparatioClientTest" time="0.001"/>
  <testcase name="formats_jsonParsed" classname="com.reparatio.ReparatioClientTest" time="0.001"/>
  <testcase name="readFile_success(Path)" classname="com.reparatio.ReparatioClientTest" time="0.002"/>
  <testcase name="filename_fromContentDisposition" classname="com.reparatio.ReparatioClientTest" time="0.001"/>
</testsuite>